  main.cpp
LINK : warning LNK4098: defaultlib 'LIBCMT' conflicts with use of other libs; use /NODEFAULTLIB:library
LINK : warning LNK4098: defaultlib 'MSVCRT' conflicts with use of other libs; use /NODEFAULTLIB:library
Shader.obj : warning LNK4049: locally defined symbol ___glewAttachShader imported
Shader.obj : warning LNK4049: locally defined symbol ___glewCompileShader imported
Shader.obj : warning LNK4049: locally defined symbol ___glewCreateProgram imported
Shader.obj : warning LNK4049: locally defined symbol ___glewCreateShader imported
Shader.obj : warning LNK4049: locally defined symbol ___glewDeleteShader imported
Shader.obj : warning LNK4049: locally defined symbol ___glewGetProgramInfoLog imported
Shader.obj : warning LNK4049: locally defined symbol ___glewGetProgramiv imported
Shader.obj : warning LNK4049: locally defined symbol ___glewGetShaderInfoLog imported
Shader.obj : warning LNK4049: locally defined symbol ___glewGetShaderiv imported
Shader.obj : warning LNK4049: locally defined symbol ___glewLinkProgram imported
Shader.obj : warning LNK4049: locally defined symbol ___glewShaderSource imported
Shader.obj : warning LNK4049: locally defined symbol ___glewUseProgram imported
libSOIL.lib(image_DXT.obj) : warning LNK4099: PDB 'SOIL.pdb' was not found with 'libSOIL.lib(image_DXT.obj)' or at 'C:\Users\Marc\Documents\OPENGL_InfGrafica\Practica1\Debug\SOIL.pdb'; linking object as if no debug info
libSOIL.lib(image_helper.obj) : warning LNK4099: PDB 'SOIL.pdb' was not found with 'libSOIL.lib(image_helper.obj)' or at 'C:\Users\Marc\Documents\OPENGL_InfGrafica\Practica1\Debug\SOIL.pdb'; linking object as if no debug info
libSOIL.lib(SOIL.obj) : warning LNK4099: PDB 'SOIL.pdb' was not found with 'libSOIL.lib(SOIL.obj)' or at 'C:\Users\Marc\Documents\OPENGL_InfGrafica\Practica1\Debug\SOIL.pdb'; linking object as if no debug info
libSOIL.lib(stb_image_aug.obj) : warning LNK4099: PDB 'SOIL.pdb' was not found with 'libSOIL.lib(stb_image_aug.obj)' or at 'C:\Users\Marc\Documents\OPENGL_InfGrafica\Practica1\Debug\SOIL.pdb'; linking object as if no debug info
glew32s.lib(glew.obj) : warning LNK4099: PDB 'vc120.pdb' was not found with 'glew32s.lib(glew.obj)' or at 'C:\Users\Marc\Documents\OPENGL_InfGrafica\Practica1\Debug\vc120.pdb'; linking object as if no debug info
  Proyecto.vcxproj -> C:\Users\Marc\Documents\OPENGL_InfGrafica\Practica1\Debug\Practica1.exe
